<?xml version="1.0" encoding="UTF-8"?>
<testsuite name="com.example.PruebaTecnica1.PruebaTecnica1ApplicationTests" tests="2" skipped="0" failures="0" errors="0" timestamp="2024-05-29T21:23:40" hostname="DESKTOP-55KUGQF" time="1.661">
  <properties/>
  <testcase name="testFindAll()" classname="com.example.PruebaTecnica1.PruebaTecnica1ApplicationTests" time="1.611"/>
  <testcase name="testFindById()" classname="com.example.PruebaTecnica1.PruebaTecnica1ApplicationTests" time="0.048"/>
  <system-out><![CDATA[]]></system-out>
  <system-err><![CDATA[]]></system-err>
</testsuite>
